<?xml version="1.0" encoding="UTF-8"?>
<testng-results ignored="0" total="4" passed="4" failed="0" skipped="0">
  <reporter-output>
  </reporter-output>
  <suite started-at="2021-04-27T13:53:14 IST" name="quickstart.Tests.DemoTest" finished-at="2021-04-27T13:53:36 IST" duration-ms="22026">
    <groups>
    </groups>
    <test started-at="2021-04-27T13:53:14 IST" name="Command line test" finished-at="2021-04-27T13:53:36 IST" duration-ms="22026">
      <class name="quickstart.Tests.DemoTest">
        <test-method is-config="true" signature="startTestSuite()[pri:0, instance:quickstart.Tests.DemoTest@166fa74d]" started-at="2021-04-27T13:53:14 IST" name="startTestSuite" finished-at="2021-04-27T13:53:14 IST" duration-ms="618" status="PASS">
          <reporter-output>
          </reporter-output>
        </test-method> <!-- startTestSuite -->
        <test-method signature="GoogleSearch_Facebook()[pri:0, instance:quickstart.Tests.DemoTest@166fa74d]" started-at="2021-04-27T13:53:14 IST" name="GoogleSearch_Facebook" finished-at="2021-04-27T13:53:20 IST" duration-ms="6037" status="PASS">
          <reporter-output>
          </reporter-output>
        </test-method> <!-- GoogleSearch_Facebook -->
        <test-method signature="GoogleSearch_LinkedIn()[pri:0, instance:quickstart.Tests.DemoTest@166fa74d]" started-at="2021-04-27T13:53:20 IST" name="GoogleSearch_LinkedIn" finished-at="2021-04-27T13:53:26 IST" duration-ms="5232" status="PASS">
          <reporter-output>
          </reporter-output>
        </test-method> <!-- GoogleSearch_LinkedIn -->
        <test-method signature="GoogleSearch_Twitter()[pri:0, instance:quickstart.Tests.DemoTest@166fa74d]" started-at="2021-04-27T13:53:26 IST" name="GoogleSearch_Twitter" finished-at="2021-04-27T13:53:31 IST" duration-ms="5667" status="PASS">
          <reporter-output>
          </reporter-output>
        </test-method> <!-- GoogleSearch_Twitter -->
        <test-method signature="GoogleSearch_automationScript()[pri:0, instance:quickstart.Tests.DemoTest@166fa74d]" started-at="2021-04-27T13:53:31 IST" name="GoogleSearch_automationScript" finished-at="2021-04-27T13:53:36 IST" duration-ms="5057" status="PASS">
          <reporter-output>
          </reporter-output>
        </test-method> <!-- GoogleSearch_automationScript -->
      </class> <!-- quickstart.Tests.DemoTest -->
    </test> <!-- Command line test -->
  </suite> <!-- quickstart.Tests.DemoTest -->
</testng-results>
