<?xml version="1.0" encoding="UTF-8"?>
<!-- Generated by org.testng.reporters.JUnitXMLReporter -->
<testsuite ignored="0" hostname="LP-PF1VPELT" failures="0" tests="4" name="Command line test" time="22.026" errors="0" timestamp="2021-04-27T13:53:36 IST">
  <testcase classname="quickstart.Tests.DemoTest" name="GoogleSearch_Facebook" time="6.037"/>
  <testcase classname="quickstart.Tests.DemoTest" name="GoogleSearch_LinkedIn" time="5.232"/>
  <testcase classname="quickstart.Tests.DemoTest" name="GoogleSearch_Twitter" time="5.667"/>
  <testcase classname="quickstart.Tests.DemoTest" name="GoogleSearch_automationScript" time="5.057"/>
</testsuite> <!-- Command line test -->
